Arguments: 
  /home/chizitere01/.nvm/versions/node/v16.14.2/bin/node /home/chizitere01/.cache/node/corepack/yarn/1.22.19/bin/yarn.js install

PATH: 
  /home/chizitere01/.vscode-server/bin/abd2f3db4bdb28f9e95536dfa84d8479f1eb312d/bin/remote-cli:/home/chizitere01/.nvm/versions/node/v16.14.2/bin:/usr/local/sbin:/usr/local/bin:/usr/sbin:/usr/bin:/sbin:/bin:/usr/games:/usr/local/games:/usr/lib/wsl/lib:/mnt/c/Program Files (x86)/VMware/VMware Workstation/bin/:/mnt/c/WINDOWS/system32:/mnt/c/WINDOWS:/mnt/c/WINDOWS/System32/Wbem:/mnt/c/WINDOWS/System32/WindowsPowerShell/v1.0/:/mnt/c/WINDOWS/System32/OpenSSH/:/mnt/c/Program Files/Git/cmd:/mnt/c/Program Files/nodejs/:/mnt/c/Users/DELL/AppData/Local/Microsoft/WindowsApps:/mnt/c/Users/DELL/AppData/Local/Programs/Microsoft VS Code/bin:/mnt/c/Users/DELL/AppData/Roaming/npm:/snap/bin

Yarn version: 
  1.22.19

Node version: 
  16.14.2

Platform: 
  linux x64

Trace: 
  Error: https://registry.yarnpkg.com/@testing-library%2fjest-dom: ETIMEDOUT
      at Timeout._onTimeout (/home/chizitere01/.cache/node/corepack/yarn/1.22.19/lib/cli.js:141550:19)
      at listOnTimeout (node:internal/timers:559:17)
      at processTimers (node:internal/timers:502:7)

npm manifest: 
  {
    "name": "tokenmaster",
    "version": "0.1.0",
    "private": true,
    "dependencies": {
      "@testing-library/jest-dom": "^5.16.5",
      "@testing-library/react": "^13.4.0",
      "@testing-library/user-event": "^13.5.0",
      "chalk": "^5.3.0",
      "react": "^18.2.0",
      "react-dom": "^18.2.0",
      "react-scripts": "^5.0.1",
      "web-vitals": "^2.1.4"
    },
    "scripts": {
      "start": "react-scripts start",
      "build": "react-scripts build",
      "test": "react-scripts test",
      "eject": "react-scripts eject"
    },
    "eslintConfig": {
      "extends": [
        "react-app",
        "react-app/jest"
      ]
    },
    "browserslist": {
      "production": [
        ">0.2%",
        "not dead",
        "not op_mini all"
      ],
      "development": [
        "last 1 chrome version",
        "last 1 firefox version",
        "last 1 safari version"
      ]
    },
    "devDependencies": {
      "@nomicfoundation/hardhat-toolbox": "^2.0.1",
      "@openzeppelin/contracts": "^4.8.2",
      "hardhat": "^2.12.7"
    }
  }

yarn manifest: 
  No manifest

Lockfile: 
  No lockfile
